app/build/intermediates/manifest_merge_blame_file/release/manifest-merger-blame-release-report.txt
1<?xml version="1.0" encoding="utf-8"?>
2<manifest xmlns:android="http://schemas.android.com/apk/res/android"
3    package="com.example.netflix"
4    android:versionCode="1"
5    android:versionName="1.0" >
6
7    <uses-sdk
8        android:minSdkVersion="24"
8-->src\main\AndroidManifest.xml
9        android:targetSdkVersion="30" />
9-->src\main\AndroidManifest.xml
10
11    <uses-permission android:name="android.permission.INTERNET" />
11-->src\main\AndroidManifest.xml:5:5-67
11-->src\main\AndroidManifest.xml:5:22-64
12
13    <!-- Although the *SdkVersion is captured in gradle build files, this is required for non gradle builds -->
14    <!-- <uses-sdk android:minSdkVersion="14" /> -->
15    <uses-permission android:name="android.permission.ACCESS_NETWORK_STATE" />
15-->[com.google.firebase:firebase-firestore:21.5.0] AndroidManifest.xml:13:5-79
15-->[com.google.firebase:firebase-firestore:21.5.0] AndroidManifest.xml:13:22-76
16
17    <application
17-->src\main\AndroidManifest.xml:7:5-35:19
18        android:allowBackup="true"
18-->src\main\AndroidManifest.xml:8:9-35
19        android:appComponentFactory="androidx.core.app.CoreComponentFactory"
19-->[androidx.core:core:1.3.1] AndroidManifest.xml:24:18-86
20        android:extractNativeLibs="false"
21        android:icon="@mipmap/ic_launcher"
21-->src\main\AndroidManifest.xml:9:9-43
22        android:label="@string/app_name"
22-->src\main\AndroidManifest.xml:10:9-41
23        android:roundIcon="@mipmap/ic_launcher_round"
23-->src\main\AndroidManifest.xml:11:9-54
24        android:supportsRtl="true"
24-->src\main\AndroidManifest.xml:12:9-35
25        android:testOnly="true"
26        android:theme="@style/AppTheme" >
26-->src\main\AndroidManifest.xml:13:9-40
27        <activity android:name="com.example.netflix.Activities.PaymentOverdue" />
27-->src\main\AndroidManifest.xml:14:9-72
27-->src\main\AndroidManifest.xml:14:19-60
28        <activity android:name="com.example.netflix.Activities.PaymentGateway" />
28-->src\main\AndroidManifest.xml:15:9-63
28-->src\main\AndroidManifest.xml:15:19-60
29        <activity android:name="com.example.netflix.Activities.StepThree" />
29-->src\main\AndroidManifest.xml:16:9-58
29-->src\main\AndroidManifest.xml:16:19-55
30        <activity android:name="com.example.netflix.Activities.StepTwo" />
30-->src\main\AndroidManifest.xml:17:9-56
30-->src\main\AndroidManifest.xml:17:19-53
31        <activity android:name="com.example.netflix.Activities.FinishUpAccount" />
31-->src\main\AndroidManifest.xml:18:9-64
31-->src\main\AndroidManifest.xml:18:19-61
32        <activity android:name="com.example.netflix.Activities.ChooseYourPlan" />
32-->src\main\AndroidManifest.xml:19:9-63
32-->src\main\AndroidManifest.xml:19:19-60
33        <activity android:name="com.example.netflix.Activities.StepOne" />
33-->src\main\AndroidManifest.xml:20:9-56
33-->src\main\AndroidManifest.xml:20:19-53
34        <activity android:name="com.example.netflix.Mainscreens.Mainscreen" />
34-->src\main\AndroidManifest.xml:21:9-60
34-->src\main\AndroidManifest.xml:21:19-57
35        <activity android:name="com.example.netflix.Activities.SwipeScreen" />
35-->src\main\AndroidManifest.xml:22:9-60
35-->src\main\AndroidManifest.xml:22:19-57
36        <activity android:name="com.example.netflix.Activities.SigninActivity" />
36-->src\main\AndroidManifest.xml:23:9-63
36-->src\main\AndroidManifest.xml:23:19-60
37        <activity android:name="com.example.netflix.Activities.SplashScreen" >
37-->src\main\AndroidManifest.xml:24:9-30:20
37-->src\main\AndroidManifest.xml:24:19-58
38            <intent-filter>
38-->src\main\AndroidManifest.xml:25:13-29:29
39                <action android:name="android.intent.action.MAIN" />
39-->src\main\AndroidManifest.xml:26:17-69
39-->src\main\AndroidManifest.xml:26:25-66
40
41                <category android:name="android.intent.category.LAUNCHER" />
41-->src\main\AndroidManifest.xml:28:17-77
41-->src\main\AndroidManifest.xml:28:27-74
42            </intent-filter>
43        </activity>
44
45        <meta-data
45-->src\main\AndroidManifest.xml:32:9-34:55
46            android:name="com.razorpay.ApiKey"
46-->src\main\AndroidManifest.xml:33:13-47
47            android:value="rzp_test_9bomarUQOaMoWG" />
47-->src\main\AndroidManifest.xml:34:13-52
48
49        <service
49-->[com.google.firebase:firebase-firestore:21.5.0] AndroidManifest.xml:17:9-23:19
50            android:name="com.google.firebase.components.ComponentDiscoveryService"
50-->[com.google.firebase:firebase-firestore:21.5.0] AndroidManifest.xml:18:13-84
51            android:directBootAware="true"
51-->[com.google.firebase:firebase-common:19.3.0] AndroidManifest.xml:34:13-43
52            android:exported="false" >
52-->[com.google.firebase:firebase-firestore:21.5.0] AndroidManifest.xml:19:13-37
53            <meta-data
53-->[com.google.firebase:firebase-firestore:21.5.0] AndroidManifest.xml:20:13-22:85
54                android:name="com.google.firebase.components:com.google.firebase.firestore.FirestoreRegistrar"
54-->[com.google.firebase:firebase-firestore:21.5.0] AndroidManifest.xml:21:17-111
55                android:value="com.google.firebase.components.ComponentRegistrar" />
55-->[com.google.firebase:firebase-firestore:21.5.0] AndroidManifest.xml:22:17-82
56            <meta-data
56-->[com.google.firebase:firebase-auth:19.3.2] AndroidManifest.xml:36:13-38:85
57                android:name="com.google.firebase.components:com.google.firebase.auth.FirebaseAuthRegistrar"
57-->[com.google.firebase:firebase-auth:19.3.2] AndroidManifest.xml:37:17-109
58                android:value="com.google.firebase.components.ComponentRegistrar" />
58-->[com.google.firebase:firebase-auth:19.3.2] AndroidManifest.xml:38:17-82
59        </service>
60
61        <activity
61-->[com.google.firebase:firebase-auth:19.3.2] AndroidManifest.xml:24:9-31:50
62            android:name="com.google.firebase.auth.internal.FederatedSignInActivity"
62-->[com.google.firebase:firebase-auth:19.3.2] AndroidManifest.xml:25:13-85
63            android:excludeFromRecents="true"
63-->[com.google.firebase:firebase-auth:19.3.2] AndroidManifest.xml:26:13-46
64            android:exported="true"
64-->[com.google.firebase:firebase-auth:19.3.2] AndroidManifest.xml:27:13-36
65            android:launchMode="singleTask"
65-->[com.google.firebase:firebase-auth:19.3.2] AndroidManifest.xml:28:13-44
66            android:permission="com.google.firebase.auth.api.gms.permission.LAUNCH_FEDERATED_SIGN_IN"
66-->[com.google.firebase:firebase-auth:19.3.2] AndroidManifest.xml:29:13-102
67            android:theme="@android:style/Theme.Translucent.NoTitleBar" />
67-->[com.google.firebase:firebase-auth:19.3.2] AndroidManifest.xml:30:13-72
68
69        <receiver android:name="com.razorpay.RzpTokenReceiver" >
69-->[com.razorpay:checkout:1.5.16] AndroidManifest.xml:12:9-16:20
69-->[com.razorpay:checkout:1.5.16] AndroidManifest.xml:12:19-63
70            <intent-filter>
70-->[com.razorpay:checkout:1.5.16] AndroidManifest.xml:13:13-15:29
71                <action android:name="rzp.device_token.share" />
71-->[com.razorpay:checkout:1.5.16] AndroidManifest.xml:14:17-65
71-->[com.razorpay:checkout:1.5.16] AndroidManifest.xml:14:25-62
72            </intent-filter>
73        </receiver>
74
75        <activity
75-->[com.razorpay:checkout:1.5.16] AndroidManifest.xml:18:9-29:20
76            android:name="com.razorpay.CheckoutActivity"
76-->[com.razorpay:checkout:1.5.16] AndroidManifest.xml:19:13-57
77            android:configChanges="keyboard|keyboardHidden|orientation|screenSize"
77-->[com.razorpay:checkout:1.5.16] AndroidManifest.xml:20:13-83
78            android:theme="@style/CheckoutTheme" >
78-->[com.razorpay:checkout:1.5.16] AndroidManifest.xml:21:13-49
79            <intent-filter>
79-->[com.razorpay:checkout:1.5.16] AndroidManifest.xml:22:13-28:29
80                <action android:name="android.intent.action.MAIN" />
80-->src\main\AndroidManifest.xml:26:17-69
80-->src\main\AndroidManifest.xml:26:25-66
81
82                <data
82-->[com.razorpay:checkout:1.5.16] AndroidManifest.xml:25:17-27:47
83                    android:host="rzp.io"
83-->[com.razorpay:checkout:1.5.16] AndroidManifest.xml:26:21-42
84                    android:scheme="io.rzp" />
84-->[com.razorpay:checkout:1.5.16] AndroidManifest.xml:27:21-44
85            </intent-filter>
86        </activity>
87
88        <provider
88-->[com.google.firebase:firebase-common:19.3.0] AndroidManifest.xml:26:9-30:39
89            android:name="com.google.firebase.provider.FirebaseInitProvider"
89-->[com.google.firebase:firebase-common:19.3.0] AndroidManifest.xml:27:13-77
90            android:authorities="com.example.netflix.firebaseinitprovider"
90-->[com.google.firebase:firebase-common:19.3.0] AndroidManifest.xml:28:13-72
91            android:exported="false"
91-->[com.google.firebase:firebase-common:19.3.0] AndroidManifest.xml:29:13-37
92            android:initOrder="100" />
92-->[com.google.firebase:firebase-common:19.3.0] AndroidManifest.xml:30:13-36
93
94        <activity
94-->[com.google.android.gms:play-services-base:17.1.0] AndroidManifest.xml:23:9-26:75
95            android:name="com.google.android.gms.common.api.GoogleApiActivity"
95-->[com.google.android.gms:play-services-base:17.1.0] AndroidManifest.xml:24:13-79
96            android:exported="false"
96-->[com.google.android.gms:play-services-base:17.1.0] AndroidManifest.xml:25:13-37
97            android:theme="@android:style/Theme.Translucent.NoTitleBar" />
97-->[com.google.android.gms:play-services-base:17.1.0] AndroidManifest.xml:26:13-72
98
99        <meta-data
99-->[com.google.android.gms:play-services-basement:17.0.0] AndroidManifest.xml:23:9-25:69
100            android:name="com.google.android.gms.version"
100-->[com.google.android.gms:play-services-basement:17.0.0] AndroidManifest.xml:24:13-58
101            android:value="@integer/google_play_services_version" />
101-->[com.google.android.gms:play-services-basement:17.0.0] AndroidManifest.xml:25:13-66
102    </application>
103
104</manifest>